2023-12-12 14:57:02,679   INFO  **********************Start logging**********************
2023-12-12 14:57:02,679   INFO  CUDA_VISIBLE_DEVICES=ALL
2023-12-12 14:57:02,679   INFO  Training with a single process
2023-12-12 14:57:02,679   INFO  cfg_file         cfgs/kitti_models/pointpillar.yaml
2023-12-12 14:57:02,679   INFO  batch_size       4
2023-12-12 14:57:02,679   INFO  epochs           80
2023-12-12 14:57:02,679   INFO  workers          4
2023-12-12 14:57:02,679   INFO  extra_tag        default
2023-12-12 14:57:02,679   INFO  ckpt             None
2023-12-12 14:57:02,679   INFO  pretrained_model None
2023-12-12 14:57:02,679   INFO  launcher         none
2023-12-12 14:57:02,679   INFO  tcp_port         18888
2023-12-12 14:57:02,679   INFO  sync_bn          False
2023-12-12 14:57:02,679   INFO  fix_random_seed  False
2023-12-12 14:57:02,679   INFO  ckpt_save_interval 1
2023-12-12 14:57:02,679   INFO  local_rank       0
2023-12-12 14:57:02,679   INFO  max_ckpt_save_num 30
2023-12-12 14:57:02,679   INFO  merge_all_iters_to_one_epoch False
2023-12-12 14:57:02,679   INFO  set_cfgs         None
2023-12-12 14:57:02,679   INFO  max_waiting_mins 0
2023-12-12 14:57:02,679   INFO  start_epoch      0
2023-12-12 14:57:02,679   INFO  num_epochs_to_eval 0
2023-12-12 14:57:02,679   INFO  save_to_file     False
2023-12-12 14:57:02,679   INFO  use_tqdm_to_record False
2023-12-12 14:57:02,679   INFO  logger_iter_interval 50
2023-12-12 14:57:02,679   INFO  ckpt_save_time_interval 300
2023-12-12 14:57:02,679   INFO  wo_gpu_stat      False
2023-12-12 14:57:02,679   INFO  use_amp          False
2023-12-12 14:57:02,679   INFO  cfg.ROOT_DIR: /home/oem/openPCDet
2023-12-12 14:57:02,679   INFO  cfg.LOCAL_RANK: 0
2023-12-12 14:57:02,679   INFO  cfg.CLASS_NAMES: ['Car', 'Pedestrian', 'Cyclist']
2023-12-12 14:57:02,680   INFO  ----------- DATA_CONFIG -----------
2023-12-12 14:57:02,680   INFO  cfg.DATA_CONFIG.DATASET: KittiDataset
2023-12-12 14:57:02,680   INFO  cfg.DATA_CONFIG.DATA_PATH: ../data/kitti
2023-12-12 14:57:02,680   INFO  cfg.DATA_CONFIG.POINT_CLOUD_RANGE: [0, -39.68, -3, 69.12, 39.68, 1]
2023-12-12 14:57:02,680   INFO  ----------- DATA_SPLIT -----------
2023-12-12 14:57:02,680   INFO  cfg.DATA_CONFIG.DATA_SPLIT.train: train
2023-12-12 14:57:02,680   INFO  cfg.DATA_CONFIG.DATA_SPLIT.test: val
2023-12-12 14:57:02,680   INFO  ----------- INFO_PATH -----------
2023-12-12 14:57:02,680   INFO  cfg.DATA_CONFIG.INFO_PATH.train: ['kitti_infos_train.pkl']
2023-12-12 14:57:02,680   INFO  cfg.DATA_CONFIG.INFO_PATH.test: ['kitti_infos_val.pkl']
2023-12-12 14:57:02,680   INFO  cfg.DATA_CONFIG.GET_ITEM_LIST: ['points']
2023-12-12 14:57:02,680   INFO  cfg.DATA_CONFIG.FOV_POINTS_ONLY: True
2023-12-12 14:57:02,680   INFO  ----------- DATA_AUGMENTOR -----------
2023-12-12 14:57:02,680   INFO  cfg.DATA_CONFIG.DATA_AUGMENTOR.DISABLE_AUG_LIST: ['placeholder']
2023-12-12 14:57:02,680   INFO  cfg.DATA_CONFIG.DATA_AUGMENTOR.AUG_CONFIG_LIST: [{'NAME': 'gt_sampling', 'USE_ROAD_PLANE': False, 'DB_INFO_PATH': ['kitti_dbinfos_train.pkl'], 'PREPARE': {'filter_by_min_points': ['Car:5', 'Pedestrian:5', 'Cyclist:5'], 'filter_by_difficulty': [-1]}, 'SAMPLE_GROUPS': ['Car:15', 'Pedestrian:15', 'Cyclist:15'], 'NUM_POINT_FEATURES': 4, 'DATABASE_WITH_FAKELIDAR': False, 'REMOVE_EXTRA_WIDTH': [0.0, 0.0, 0.0], 'LIMIT_WHOLE_SCENE': False}, {'NAME': 'random_world_flip', 'ALONG_AXIS_LIST': ['x']}, {'NAME': 'random_world_rotation', 'WORLD_ROT_ANGLE': [-0.78539816, 0.78539816]}, {'NAME': 'random_world_scaling', 'WORLD_SCALE_RANGE': [0.95, 1.05]}]
2023-12-12 14:57:02,680   INFO  ----------- POINT_FEATURE_ENCODING -----------
2023-12-12 14:57:02,680   INFO  cfg.DATA_CONFIG.POINT_FEATURE_ENCODING.encoding_type: absolute_coordinates_encoding
2023-12-12 14:57:02,680   INFO  cfg.DATA_CONFIG.POINT_FEATURE_ENCODING.used_feature_list: ['x', 'y', 'z', 'intensity']
2023-12-12 14:57:02,680   INFO  cfg.DATA_CONFIG.POINT_FEATURE_ENCODING.src_feature_list: ['x', 'y', 'z', 'intensity']
2023-12-12 14:57:02,680   INFO  cfg.DATA_CONFIG.DATA_PROCESSOR: [{'NAME': 'mask_points_and_boxes_outside_range', 'REMOVE_OUTSIDE_BOXES': True}, {'NAME': 'shuffle_points', 'SHUFFLE_ENABLED': {'train': True, 'test': False}}, {'NAME': 'transform_points_to_voxels', 'VOXEL_SIZE': [0.16, 0.16, 4], 'MAX_POINTS_PER_VOXEL': 32, 'MAX_NUMBER_OF_VOXELS': {'train': 16000, 'test': 40000}}]
2023-12-12 14:57:02,680   INFO  cfg.DATA_CONFIG._BASE_CONFIG_: cfgs/dataset_configs/kitti_dataset.yaml
2023-12-12 14:57:02,680   INFO  ----------- MODEL -----------
2023-12-12 14:57:02,680   INFO  cfg.MODEL.NAME: PointPillar
2023-12-12 14:57:02,680   INFO  ----------- VFE -----------
2023-12-12 14:57:02,680   INFO  cfg.MODEL.VFE.NAME: PillarVFE
2023-12-12 14:57:02,680   INFO  cfg.MODEL.VFE.WITH_DISTANCE: False
2023-12-12 14:57:02,680   INFO  cfg.MODEL.VFE.USE_ABSLOTE_XYZ: True
2023-12-12 14:57:02,680   INFO  cfg.MODEL.VFE.USE_NORM: True
2023-12-12 14:57:02,680   INFO  cfg.MODEL.VFE.NUM_FILTERS: [64]
2023-12-12 14:57:02,680   INFO  ----------- MAP_TO_BEV -----------
2023-12-12 14:57:02,680   INFO  cfg.MODEL.MAP_TO_BEV.NAME: PointPillarScatter
2023-12-12 14:57:02,680   INFO  cfg.MODEL.MAP_TO_BEV.NUM_BEV_FEATURES: 64
2023-12-12 14:57:02,680   INFO  ----------- BACKBONE_2D -----------
2023-12-12 14:57:02,680   INFO  cfg.MODEL.BACKBONE_2D.NAME: BaseBEVBackbone
2023-12-12 14:57:02,680   INFO  cfg.MODEL.BACKBONE_2D.LAYER_NUMS: [3, 5, 5]
2023-12-12 14:57:02,680   INFO  cfg.MODEL.BACKBONE_2D.LAYER_STRIDES: [2, 2, 2]
2023-12-12 14:57:02,680   INFO  cfg.MODEL.BACKBONE_2D.NUM_FILTERS: [64, 128, 256]
2023-12-12 14:57:02,680   INFO  cfg.MODEL.BACKBONE_2D.UPSAMPLE_STRIDES: [1, 2, 4]
2023-12-12 14:57:02,680   INFO  cfg.MODEL.BACKBONE_2D.NUM_UPSAMPLE_FILTERS: [128, 128, 128]
2023-12-12 14:57:02,680   INFO  ----------- DENSE_HEAD -----------
2023-12-12 14:57:02,680   INFO  cfg.MODEL.DENSE_HEAD.NAME: AnchorHeadSingle
2023-12-12 14:57:02,680   INFO  cfg.MODEL.DENSE_HEAD.CLASS_AGNOSTIC: False
2023-12-12 14:57:02,680   INFO  cfg.MODEL.DENSE_HEAD.USE_DIRECTION_CLASSIFIER: True
2023-12-12 14:57:02,680   INFO  cfg.MODEL.DENSE_HEAD.DIR_OFFSET: 0.78539
2023-12-12 14:57:02,681   INFO  cfg.MODEL.DENSE_HEAD.DIR_LIMIT_OFFSET: 0.0
2023-12-12 14:57:02,681   INFO  cfg.MODEL.DENSE_HEAD.NUM_DIR_BINS: 2
2023-12-12 14:57:02,681   INFO  cfg.MODEL.DENSE_HEAD.ANCHOR_GENERATOR_CONFIG: [{'class_name': 'Car', 'anchor_sizes': [[3.9, 1.6, 1.56]], 'anchor_rotations': [0, 1.57], 'anchor_bottom_heights': [-1.78], 'align_center': False, 'feature_map_stride': 2, 'matched_threshold': 0.6, 'unmatched_threshold': 0.45}, {'class_name': 'Pedestrian', 'anchor_sizes': [[0.8, 0.6, 1.73]], 'anchor_rotations': [0, 1.57], 'anchor_bottom_heights': [-0.6], 'align_center': False, 'feature_map_stride': 2, 'matched_threshold': 0.5, 'unmatched_threshold': 0.35}, {'class_name': 'Cyclist', 'anchor_sizes': [[1.76, 0.6, 1.73]], 'anchor_rotations': [0, 1.57], 'anchor_bottom_heights': [-0.6], 'align_center': False, 'feature_map_stride': 2, 'matched_threshold': 0.5, 'unmatched_threshold': 0.35}]
2023-12-12 14:57:02,681   INFO  ----------- TARGET_ASSIGNER_CONFIG -----------
2023-12-12 14:57:02,681   INFO  cfg.MODEL.DENSE_HEAD.TARGET_ASSIGNER_CONFIG.NAME: AxisAlignedTargetAssigner
2023-12-12 14:57:02,681   INFO  cfg.MODEL.DENSE_HEAD.TARGET_ASSIGNER_CONFIG.POS_FRACTION: -1.0
2023-12-12 14:57:02,681   INFO  cfg.MODEL.DENSE_HEAD.TARGET_ASSIGNER_CONFIG.SAMPLE_SIZE: 512
2023-12-12 14:57:02,681   INFO  cfg.MODEL.DENSE_HEAD.TARGET_ASSIGNER_CONFIG.NORM_BY_NUM_EXAMPLES: False
2023-12-12 14:57:02,681   INFO  cfg.MODEL.DENSE_HEAD.TARGET_ASSIGNER_CONFIG.MATCH_HEIGHT: False
2023-12-12 14:57:02,681   INFO  cfg.MODEL.DENSE_HEAD.TARGET_ASSIGNER_CONFIG.BOX_CODER: ResidualCoder
2023-12-12 14:57:02,681   INFO  ----------- LOSS_CONFIG -----------
2023-12-12 14:57:02,681   INFO  ----------- LOSS_WEIGHTS -----------
2023-12-12 14:57:02,681   INFO  cfg.MODEL.DENSE_HEAD.LOSS_CONFIG.LOSS_WEIGHTS.cls_weight: 1.0
2023-12-12 14:57:02,681   INFO  cfg.MODEL.DENSE_HEAD.LOSS_CONFIG.LOSS_WEIGHTS.loc_weight: 2.0
2023-12-12 14:57:02,681   INFO  cfg.MODEL.DENSE_HEAD.LOSS_CONFIG.LOSS_WEIGHTS.dir_weight: 0.2
2023-12-12 14:57:02,681   INFO  cfg.MODEL.DENSE_HEAD.LOSS_CONFIG.LOSS_WEIGHTS.code_weights: [1.0, 1.0, 1.0, 1.0, 1.0, 1.0, 1.0]
2023-12-12 14:57:02,681   INFO  ----------- POST_PROCESSING -----------
2023-12-12 14:57:02,681   INFO  cfg.MODEL.POST_PROCESSING.RECALL_THRESH_LIST: [0.3, 0.5, 0.7]
2023-12-12 14:57:02,681   INFO  cfg.MODEL.POST_PROCESSING.SCORE_THRESH: 0.1
2023-12-12 14:57:02,681   INFO  cfg.MODEL.POST_PROCESSING.OUTPUT_RAW_SCORE: False
2023-12-12 14:57:02,681   INFO  cfg.MODEL.POST_PROCESSING.EVAL_METRIC: kitti
2023-12-12 14:57:02,681   INFO  ----------- NMS_CONFIG -----------
2023-12-12 14:57:02,681   INFO  cfg.MODEL.POST_PROCESSING.NMS_CONFIG.MULTI_CLASSES_NMS: False
2023-12-12 14:57:02,681   INFO  cfg.MODEL.POST_PROCESSING.NMS_CONFIG.NMS_TYPE: nms_gpu
2023-12-12 14:57:02,681   INFO  cfg.MODEL.POST_PROCESSING.NMS_CONFIG.NMS_THRESH: 0.01
2023-12-12 14:57:02,681   INFO  cfg.MODEL.POST_PROCESSING.NMS_CONFIG.NMS_PRE_MAXSIZE: 4096
2023-12-12 14:57:02,681   INFO  cfg.MODEL.POST_PROCESSING.NMS_CONFIG.NMS_POST_MAXSIZE: 500
2023-12-12 14:57:02,681   INFO  ----------- OPTIMIZATION -----------
2023-12-12 14:57:02,681   INFO  cfg.OPTIMIZATION.BATCH_SIZE_PER_GPU: 4
2023-12-12 14:57:02,681   INFO  cfg.OPTIMIZATION.NUM_EPOCHS: 80
2023-12-12 14:57:02,681   INFO  cfg.OPTIMIZATION.OPTIMIZER: adam_onecycle
2023-12-12 14:57:02,681   INFO  cfg.OPTIMIZATION.LR: 0.003
2023-12-12 14:57:02,681   INFO  cfg.OPTIMIZATION.WEIGHT_DECAY: 0.01
2023-12-12 14:57:02,681   INFO  cfg.OPTIMIZATION.MOMENTUM: 0.9
2023-12-12 14:57:02,681   INFO  cfg.OPTIMIZATION.MOMS: [0.95, 0.85]
2023-12-12 14:57:02,681   INFO  cfg.OPTIMIZATION.PCT_START: 0.4
2023-12-12 14:57:02,681   INFO  cfg.OPTIMIZATION.DIV_FACTOR: 10
2023-12-12 14:57:02,681   INFO  cfg.OPTIMIZATION.DECAY_STEP_LIST: [35, 45]
2023-12-12 14:57:02,681   INFO  cfg.OPTIMIZATION.LR_DECAY: 0.1
2023-12-12 14:57:02,681   INFO  cfg.OPTIMIZATION.LR_CLIP: 1e-07
2023-12-12 14:57:02,681   INFO  cfg.OPTIMIZATION.LR_WARMUP: False
2023-12-12 14:57:02,681   INFO  cfg.OPTIMIZATION.WARMUP_EPOCH: 1
2023-12-12 14:57:02,681   INFO  cfg.OPTIMIZATION.GRAD_NORM_CLIP: 10
2023-12-12 14:57:02,681   INFO  cfg.TAG: pointpillar
2023-12-12 14:57:02,682   INFO  cfg.EXP_GROUP_PATH: kitti_models
2023-12-12 14:57:02,700   INFO  ----------- Create dataloader & network & optimizer -----------
2023-12-12 14:57:02,796   INFO  Database filter by min points Car: 14357 => 13532
2023-12-12 14:57:02,797   INFO  Database filter by min points Pedestrian: 2207 => 2168
2023-12-12 14:57:02,797   INFO  Database filter by min points Cyclist: 734 => 705
2023-12-12 14:57:02,809   INFO  Database filter by difficulty Car: 13532 => 10759
2023-12-12 14:57:02,811   INFO  Database filter by difficulty Pedestrian: 2168 => 2075
2023-12-12 14:57:02,812   INFO  Database filter by difficulty Cyclist: 705 => 581
2023-12-12 14:57:02,816   INFO  Loading KITTI dataset
2023-12-12 14:57:02,890   INFO  Total samples for KITTI dataset: 3712
2023-12-12 14:57:04,054   INFO  ----------- Model PointPillar created, param count: 4834888 -----------
2023-12-12 14:57:04,054   INFO  PointPillar(
  (vfe): PillarVFE(
    (pfn_layers): ModuleList(
      (0): PFNLayer(
        (linear): Linear(in_features=10, out_features=64, bias=False)
        (norm): BatchNorm1d(64, eps=0.001, momentum=0.01, affine=True, track_running_stats=True)
      )
    )
  )
  (backbone_3d): None
  (map_to_bev_module): PointPillarScatter()
  (pfe): None
  (backbone_2d): BaseBEVBackbone(
    (blocks): ModuleList(
      (0): Sequential(
        (0): ZeroPad2d((1, 1, 1, 1))
        (1): Conv2d(64, 64, kernel_size=(3, 3), stride=(2, 2), bias=False)
        (2): BatchNorm2d(64, eps=0.001, momentum=0.01, affine=True, track_running_stats=True)
        (3): ReLU()
        (4): Conv2d(64, 64, kernel_size=(3, 3), stride=(1, 1), padding=(1, 1), bias=False)
        (5): BatchNorm2d(64, eps=0.001, momentum=0.01, affine=True, track_running_stats=True)
        (6): ReLU()
        (7): Conv2d(64, 64, kernel_size=(3, 3), stride=(1, 1), padding=(1, 1), bias=False)
        (8): BatchNorm2d(64, eps=0.001, momentum=0.01, affine=True, track_running_stats=True)
        (9): ReLU()
        (10): Conv2d(64, 64, kernel_size=(3, 3), stride=(1, 1), padding=(1, 1), bias=False)
        (11): BatchNorm2d(64, eps=0.001, momentum=0.01, affine=True, track_running_stats=True)
        (12): ReLU()
      )
      (1): Sequential(
        (0): ZeroPad2d((1, 1, 1, 1))
        (1): Conv2d(64, 128, kernel_size=(3, 3), stride=(2, 2), bias=False)
        (2): BatchNorm2d(128, eps=0.001, momentum=0.01, affine=True, track_running_stats=True)
        (3): ReLU()
        (4): Conv2d(128, 128, kernel_size=(3, 3), stride=(1, 1), padding=(1, 1), bias=False)
        (5): BatchNorm2d(128, eps=0.001, momentum=0.01, affine=True, track_running_stats=True)
        (6): ReLU()
        (7): Conv2d(128, 128, kernel_size=(3, 3), stride=(1, 1), padding=(1, 1), bias=False)
        (8): BatchNorm2d(128, eps=0.001, momentum=0.01, affine=True, track_running_stats=True)
        (9): ReLU()
        (10): Conv2d(128, 128, kernel_size=(3, 3), stride=(1, 1), padding=(1, 1), bias=False)
        (11): BatchNorm2d(128, eps=0.001, momentum=0.01, affine=True, track_running_stats=True)
        (12): ReLU()
        (13): Conv2d(128, 128, kernel_size=(3, 3), stride=(1, 1), padding=(1, 1), bias=False)
        (14): BatchNorm2d(128, eps=0.001, momentum=0.01, affine=True, track_running_stats=True)
        (15): ReLU()
        (16): Conv2d(128, 128, kernel_size=(3, 3), stride=(1, 1), padding=(1, 1), bias=False)
        (17): BatchNorm2d(128, eps=0.001, momentum=0.01, affine=True, track_running_stats=True)
        (18): ReLU()
      )
      (2): Sequential(
        (0): ZeroPad2d((1, 1, 1, 1))
        (1): Conv2d(128, 256, kernel_size=(3, 3), stride=(2, 2), bias=False)
        (2): BatchNorm2d(256, eps=0.001, momentum=0.01, affine=True, track_running_stats=True)
        (3): ReLU()
        (4): Conv2d(256, 256, kernel_size=(3, 3), stride=(1, 1), padding=(1, 1), bias=False)
        (5): BatchNorm2d(256, eps=0.001, momentum=0.01, affine=True, track_running_stats=True)
        (6): ReLU()
        (7): Conv2d(256, 256, kernel_size=(3, 3), stride=(1, 1), padding=(1, 1), bias=False)
        (8): BatchNorm2d(256, eps=0.001, momentum=0.01, affine=True, track_running_stats=True)
        (9): ReLU()
        (10): Conv2d(256, 256, kernel_size=(3, 3), stride=(1, 1), padding=(1, 1), bias=False)
        (11): BatchNorm2d(256, eps=0.001, momentum=0.01, affine=True, track_running_stats=True)
        (12): ReLU()
        (13): Conv2d(256, 256, kernel_size=(3, 3), stride=(1, 1), padding=(1, 1), bias=False)
        (14): BatchNorm2d(256, eps=0.001, momentum=0.01, affine=True, track_running_stats=True)
        (15): ReLU()
        (16): Conv2d(256, 256, kernel_size=(3, 3), stride=(1, 1), padding=(1, 1), bias=False)
        (17): BatchNorm2d(256, eps=0.001, momentum=0.01, affine=True, track_running_stats=True)
        (18): ReLU()
      )
    )
    (deblocks): ModuleList(
      (0): Sequential(
        (0): ConvTranspose2d(64, 128, kernel_size=(1, 1), stride=(1, 1), bias=False)
        (1): BatchNorm2d(128, eps=0.001, momentum=0.01, affine=True, track_running_stats=True)
        (2): ReLU()
      )
      (1): Sequential(
        (0): ConvTranspose2d(128, 128, kernel_size=(2, 2), stride=(2, 2), bias=False)
        (1): BatchNorm2d(128, eps=0.001, momentum=0.01, affine=True, track_running_stats=True)
        (2): ReLU()
      )
      (2): Sequential(
        (0): ConvTranspose2d(256, 128, kernel_size=(4, 4), stride=(4, 4), bias=False)
        (1): BatchNorm2d(128, eps=0.001, momentum=0.01, affine=True, track_running_stats=True)
        (2): ReLU()
      )
    )
  )
  (dense_head): AnchorHeadSingle(
    (cls_loss_func): SigmoidFocalClassificationLoss()
    (reg_loss_func): WeightedSmoothL1Loss()
    (dir_loss_func): WeightedCrossEntropyLoss()
    (conv_cls): Conv2d(384, 18, kernel_size=(1, 1), stride=(1, 1))
    (conv_box): Conv2d(384, 42, kernel_size=(1, 1), stride=(1, 1))
    (conv_dir_cls): Conv2d(384, 12, kernel_size=(1, 1), stride=(1, 1))
  )
  (point_head): None
  (roi_head): None
)
2023-12-12 14:57:04,055   INFO  **********************Start training kitti_models/pointpillar(default)**********************
2023-12-12 14:57:07,947   INFO  Train:    1/80 (  1%) [   0/928 (  0%)]  Loss: 2.906 (2.91)  LR: 3.000e-04  Time cost: 00:03/51:23 [00:03/68:31:17]  Acc_iter 1           Data time: 0.88(0.88)  Forward time: 2.45(2.45)  Batch time: 3.32(3.32)
2023-12-12 14:57:15,452   INFO  Train:    1/80 (  1%) [  49/928 (  5%)]  Loss: 1.925 (2.11)  LR: 3.000e-04  Time cost: 00:10/03:10 [00:11/4:27:45]  Acc_iter 50          Data time: 0.00(0.02)  Forward time: 0.17(0.19)  Batch time: 0.18(0.22)
2023-12-12 14:57:23,375   INFO  Train:    1/80 (  1%) [  99/928 ( 11%)]  Loss: 1.517 (1.88)  LR: 3.001e-04  Time cost: 00:18/02:35 [00:19/3:51:41]  Acc_iter 100         Data time: 0.00(0.01)  Forward time: 0.16(0.18)  Batch time: 0.17(0.19)
2023-12-12 14:57:30,844   INFO  Train:    1/80 (  1%) [ 149/928 ( 16%)]  Loss: 1.433 (1.75)  LR: 3.002e-04  Time cost: 00:26/02:16 [00:26/3:35:50]  Acc_iter 150         Data time: 0.00(0.01)  Forward time: 0.14(0.17)  Batch time: 0.14(0.17)
2023-12-12 14:57:31,017   INFO  
2023-12-12 14:57:38,700   INFO  Train:    1/80 (  1%) [ 199/928 ( 21%)]  Loss: 1.359 (1.66)  LR: 3.003e-04  Time cost: 00:34/02:04 [00:34/3:30:14]  Acc_iter 200         Data time: 0.00(0.01)  Forward time: 0.19(0.16)  Batch time: 0.20(0.17)
2023-12-12 14:57:46,590   INFO  Train:    1/80 (  1%) [ 249/928 ( 27%)]  Loss: 1.244 (1.59)  LR: 3.005e-04  Time cost: 00:41/01:53 [00:42/3:27:00]  Acc_iter 250         Data time: 0.00(0.01)  Forward time: 0.14(0.16)  Batch time: 0.14(0.17)
2023-12-12 14:57:54,526   INFO  Train:    1/80 (  1%) [ 299/928 ( 32%)]  Loss: 1.120 (1.53)  LR: 3.007e-04  Time cost: 00:49/01:44 [00:50/3:24:59]  Acc_iter 300         Data time: 0.00(0.01)  Forward time: 0.14(0.16)  Batch time: 0.14(0.17)
2023-12-12 14:57:54,685   INFO  
2023-12-12 14:58:02,510   INFO  Train:    1/80 (  1%) [ 349/928 ( 38%)]  Loss: 1.267 (1.49)  LR: 3.009e-04  Time cost: 00:57/01:35 [00:58/3:23:40]  Acc_iter 350         Data time: 0.00(0.01)  Forward time: 0.17(0.16)  Batch time: 0.17(0.17)
2023-12-12 14:58:10,225   INFO  Train:    1/80 (  1%) [ 399/928 ( 43%)]  Loss: 1.216 (1.45)  LR: 3.012e-04  Time cost: 01:05/01:26 [01:06/3:21:50]  Acc_iter 400         Data time: 0.00(0.01)  Forward time: 0.19(0.16)  Batch time: 0.19(0.16)
2023-12-12 14:58:17,987   INFO  Train:    1/80 (  1%) [ 449/928 ( 48%)]  Loss: 1.154 (1.42)  LR: 3.015e-04  Time cost: 01:13/01:18 [01:13/3:20:29]  Acc_iter 450         Data time: 0.00(0.01)  Forward time: 0.14(0.16)  Batch time: 0.14(0.16)
2023-12-12 14:58:18,143   INFO  
2023-12-12 14:58:25,621   INFO  Train:    1/80 (  1%) [ 499/928 ( 54%)]  Loss: 1.122 (1.39)  LR: 3.019e-04  Time cost: 01:20/01:09 [01:21/3:19:05]  Acc_iter 500         Data time: 0.00(0.01)  Forward time: 0.14(0.16)  Batch time: 0.15(0.16)
2023-12-12 14:58:33,425   INFO  Train:    1/80 (  1%) [ 549/928 ( 59%)]  Loss: 1.217 (1.37)  LR: 3.023e-04  Time cost: 01:28/01:01 [01:29/3:18:17]  Acc_iter 550         Data time: 0.00(0.01)  Forward time: 0.17(0.16)  Batch time: 0.17(0.16)
2023-12-12 14:58:41,176   INFO  Train:    1/80 (  1%) [ 599/928 ( 65%)]  Loss: 1.060 (1.35)  LR: 3.027e-04  Time cost: 01:36/00:52 [01:37/3:17:30]  Acc_iter 600         Data time: 0.00(0.01)  Forward time: 0.16(0.16)  Batch time: 0.16(0.16)
2023-12-12 14:58:41,360   INFO  
2023-12-12 14:58:49,021   INFO  Train:    1/80 (  1%) [ 649/928 ( 70%)]  Loss: 1.007 (1.33)  LR: 3.032e-04  Time cost: 01:44/00:44 [01:44/3:16:59]  Acc_iter 650         Data time: 0.00(0.01)  Forward time: 0.15(0.16)  Batch time: 0.15(0.16)
2023-12-12 14:58:56,905   INFO  Train:    1/80 (  1%) [ 699/928 ( 75%)]  Loss: 0.9096 (1.31)  LR: 3.037e-04  Time cost: 01:52/00:36 [01:52/3:16:36]  Acc_iter 700         Data time: 0.01(0.01)  Forward time: 0.14(0.16)  Batch time: 0.15(0.16)
